app/intermediates/manifest_merge_blame_file/debug/manifest-merger-blame-debug-report.txt
1<?xml version="1.0" encoding="utf-8"?>
2<manifest xmlns:android="http://schemas.android.com/apk/res/android"
3    package="com.social.mynkyrykbes"
4    android:versionCode="1"
5    android:versionName="1.0.0" >
6
7    <uses-sdk
8        android:minSdkVersion="21"
9        android:targetSdkVersion="35" />
10    <!--
11         The INTERNET permission is required for development. Specifically,
12         the Flutter tool needs it to communicate with the running application
13         to allow setting breakpoints, to provide hot reload, etc.
14    -->
15    <uses-permission android:name="android.permission.INTERNET" />
15-->src/main/AndroidManifest.xml:6:5-67
15-->src/main/AndroidManifest.xml:6:22-64
16    <!-- <uses-permission android:name="android.permission.CAMERA"/> -->
17    <uses-permission android:name="android.permission.READ_EXTERNAL_STORAGE" />
17-->src/main/AndroidManifest.xml:3:5-79
17-->src/main/AndroidManifest.xml:3:22-77
18    <uses-permission android:name="android.permission.WRITE_EXTERNAL_STORAGE" />
18-->src/main/AndroidManifest.xml:4:5-80
18-->src/main/AndroidManifest.xml:4:22-78
19    <uses-permission android:name="android.permission.READ_MEDIA_IMAGES" />
19-->src/main/AndroidManifest.xml:5:5-75
19-->src/main/AndroidManifest.xml:5:22-73
20    <!--
21 Required to query activities that can process text, see:
22         https://developer.android.com/training/package-visibility and
23         https://developer.android.com/reference/android/content/Intent#ACTION_PROCESS_TEXT.
24
25         In particular, this is used by the Flutter engine in io.flutter.plugin.text.ProcessTextPlugin.
26    -->
27    <queries>
27-->src/main/AndroidManifest.xml:55:5-73:15
28        <intent>
28-->src/main/AndroidManifest.xml:56:9-59:18
29            <action android:name="android.intent.action.PROCESS_TEXT" />
29-->src/main/AndroidManifest.xml:57:13-72
29-->src/main/AndroidManifest.xml:57:21-70
30
31            <data android:mimeType="text/plain" />
31-->src/main/AndroidManifest.xml:58:13-50
31-->src/main/AndroidManifest.xml:58:19-48
32        </intent>
33        <intent>
33-->src/main/AndroidManifest.xml:60:9-63:18
34            <action android:name="android.intent.action.VIEW" />
34-->src/main/AndroidManifest.xml:61:13-65
34-->src/main/AndroidManifest.xml:61:21-62
35
36            <data android:scheme="sms" />
36-->src/main/AndroidManifest.xml:58:13-50
37        </intent>
38        <!-- If your app checks for call support -->
39        <intent>
39-->src/main/AndroidManifest.xml:65:9-68:18
40            <action android:name="android.intent.action.VIEW" />
40-->src/main/AndroidManifest.xml:61:13-65
40-->src/main/AndroidManifest.xml:61:21-62
41
42            <data android:scheme="tel" />
42-->src/main/AndroidManifest.xml:58:13-50
43        </intent>
44        <!-- If your application checks for inAppBrowserView launch mode support -->
45        <intent>
45-->src/main/AndroidManifest.xml:70:9-72:18
46            <action android:name="android.support.customtabs.action.CustomTabsService" />
46-->src/main/AndroidManifest.xml:71:13-90
46-->src/main/AndroidManifest.xml:71:21-87
47        </intent>
48    </queries>
49
50    <permission
50-->[androidx.core:core:1.13.1] AndroidManifest.xml:22:5-24:47
51        android:name="com.social.mynkyrykbes.DYNAMIC_RECEIVER_NOT_EXPORTED_PERMISSION"
51-->[androidx.core:core:1.13.1] AndroidManifest.xml:23:9-81
52        android:protectionLevel="signature" />
52-->[androidx.core:core:1.13.1] AndroidManifest.xml:24:9-44
53
54    <uses-permission android:name="com.social.mynkyrykbes.DYNAMIC_RECEIVER_NOT_EXPORTED_PERMISSION" />
54-->[androidx.core:core:1.13.1] AndroidManifest.xml:26:5-97
54-->[androidx.core:core:1.13.1] AndroidManifest.xml:26:22-94
55
56    <application
57        android:name="android.app.Application"
58        android:appComponentFactory="androidx.core.app.CoreComponentFactory"
58-->[androidx.core:core:1.13.1] AndroidManifest.xml:28:18-86
59        android:debuggable="true"
60        android:extractNativeLibs="true"
61        android:icon="@mipmap/ic_launcher"
62        android:label="mynkyrykbes" >
63        <provider
64            android:name="androidx.core.content.FileProvider"
65            android:authorities="com.social.mynkyrykbes.fileprovider"
66            android:exported="false"
67            android:grantUriPermissions="true" >
68            <meta-data
68-->[:image_picker_android] AndroidManifest.xml:14:13-16:75
69                android:name="android.support.FILE_PROVIDER_PATHS"
69-->[:image_picker_android] AndroidManifest.xml:15:17-67
70                android:resource="@xml/filepaths" />
70-->[:image_picker_android] AndroidManifest.xml:16:17-72
71        </provider>
72
73        <activity
74            android:name="com.social.mynkyrykbes.MainActivity"
75            android:configChanges="orientation|keyboardHidden|keyboard|screenSize|smallestScreenSize|locale|layoutDirection|fontScale|screenLayout|density|uiMode"
76            android:exported="true"
77            android:hardwareAccelerated="true"
78            android:launchMode="singleTop"
79            android:taskAffinity=""
80            android:theme="@style/LaunchTheme"
81            android:windowSoftInputMode="adjustResize" >
82
83            <!--
84                 Specifies an Android theme to apply to this Activity as soon as
85                 the Android process has started. This theme is visible to the user
86                 while the Flutter UI initializes. After that, this theme continues
87                 to determine the Window background behind the Flutter UI.
88            -->
89            <meta-data
90                android:name="io.flutter.embedding.android.NormalTheme"
91                android:resource="@style/NormalTheme" />
92
93            <intent-filter>
94                <action android:name="android.intent.action.MAIN" />
95
96                <category android:name="android.intent.category.LAUNCHER" />
97            </intent-filter>
98        </activity>
99        <!--
100             Don't delete the meta-data below.
101             This is used by the Flutter tool to generate GeneratedPluginRegistrant.java
102        -->
103        <meta-data
104            android:name="flutterEmbedding"
105            android:value="2" />
106        <meta-data
107            android:name="io.flutter.embedding.android.EnableImpeller"
108            android:value="false" />
109
110        <provider
110-->[:image_picker_android] AndroidManifest.xml:9:9-17:20
111            android:name="io.flutter.plugins.imagepicker.ImagePickerFileProvider"
111-->[:image_picker_android] AndroidManifest.xml:10:13-82
112            android:authorities="com.social.mynkyrykbes.flutter.image_provider"
112-->[:image_picker_android] AndroidManifest.xml:11:13-74
113            android:exported="false"
113-->[:image_picker_android] AndroidManifest.xml:12:13-37
114            android:grantUriPermissions="true" >
114-->[:image_picker_android] AndroidManifest.xml:13:13-47
115            <meta-data
115-->[:image_picker_android] AndroidManifest.xml:14:13-16:75
116                android:name="android.support.FILE_PROVIDER_PATHS"
116-->[:image_picker_android] AndroidManifest.xml:15:17-67
117                android:resource="@xml/flutter_image_picker_file_paths" />
117-->[:image_picker_android] AndroidManifest.xml:16:17-72
118        </provider> <!-- Trigger Google Play services to install the backported photo picker module. -->
119        <service
119-->[:image_picker_android] AndroidManifest.xml:19:9-31:19
120            android:name="com.google.android.gms.metadata.ModuleDependencies"
120-->[:image_picker_android] AndroidManifest.xml:20:13-78
121            android:enabled="false"
121-->[:image_picker_android] AndroidManifest.xml:21:13-36
122            android:exported="false" >
122-->[:image_picker_android] AndroidManifest.xml:22:13-37
123            <intent-filter>
123-->[:image_picker_android] AndroidManifest.xml:24:13-26:29
124                <action android:name="com.google.android.gms.metadata.MODULE_DEPENDENCIES" />
124-->[:image_picker_android] AndroidManifest.xml:25:17-94
124-->[:image_picker_android] AndroidManifest.xml:25:25-91
125            </intent-filter>
126
127            <meta-data
127-->[:image_picker_android] AndroidManifest.xml:28:13-30:36
128                android:name="photopicker_activity:0:required"
128-->[:image_picker_android] AndroidManifest.xml:29:17-63
129                android:value="" />
129-->[:image_picker_android] AndroidManifest.xml:30:17-33
130        </service>
131
132        <activity
132-->[:url_launcher_android] AndroidManifest.xml:8:9-11:74
133            android:name="io.flutter.plugins.urllauncher.WebViewActivity"
133-->[:url_launcher_android] AndroidManifest.xml:9:13-74
134            android:exported="false"
134-->[:url_launcher_android] AndroidManifest.xml:10:13-37
135            android:theme="@android:style/Theme.NoTitleBar.Fullscreen" />
135-->[:url_launcher_android] AndroidManifest.xml:11:13-71
136
137        <uses-library
137-->[androidx.window:window:1.2.0] AndroidManifest.xml:23:9-25:40
138            android:name="androidx.window.extensions"
138-->[androidx.window:window:1.2.0] AndroidManifest.xml:24:13-54
139            android:required="false" />
139-->[androidx.window:window:1.2.0] AndroidManifest.xml:25:13-37
140        <uses-library
140-->[androidx.window:window:1.2.0] AndroidManifest.xml:26:9-28:40
141            android:name="androidx.window.sidecar"
141-->[androidx.window:window:1.2.0] AndroidManifest.xml:27:13-51
142            android:required="false" />
142-->[androidx.window:window:1.2.0] AndroidManifest.xml:28:13-37
143
144        <provider
144-->[androidx.lifecycle:lifecycle-process:2.7.0] AndroidManifest.xml:24:9-32:20
145            android:name="androidx.startup.InitializationProvider"
145-->[androidx.lifecycle:lifecycle-process:2.7.0] AndroidManifest.xml:25:13-67
146            android:authorities="com.social.mynkyrykbes.androidx-startup"
146-->[androidx.lifecycle:lifecycle-process:2.7.0] AndroidManifest.xml:26:13-68
147            android:exported="false" >
147-->[androidx.lifecycle:lifecycle-process:2.7.0] AndroidManifest.xml:27:13-37
148            <meta-data
148-->[androidx.lifecycle:lifecycle-process:2.7.0] AndroidManifest.xml:29:13-31:52
149                android:name="androidx.lifecycle.ProcessLifecycleInitializer"
149-->[androidx.lifecycle:lifecycle-process:2.7.0] AndroidManifest.xml:30:17-78
150                android:value="androidx.startup" />
150-->[androidx.lifecycle:lifecycle-process:2.7.0] AndroidManifest.xml:31:17-49
151            <meta-data
151-->[androidx.profileinstaller:profileinstaller:1.3.1] AndroidManifest.xml:29:13-31:52
152                android:name="androidx.profileinstaller.ProfileInstallerInitializer"
152-->[androidx.profileinstaller:profileinstaller:1.3.1] AndroidManifest.xml:30:17-85
153                android:value="androidx.startup" />
153-->[androidx.profileinstaller:profileinstaller:1.3.1] AndroidManifest.xml:31:17-49
154        </provider>
155
156        <receiver
156-->[androidx.profileinstaller:profileinstaller:1.3.1] AndroidManifest.xml:34:9-52:20
157            android:name="androidx.profileinstaller.ProfileInstallReceiver"
157-->[androidx.profileinstaller:profileinstaller:1.3.1] AndroidManifest.xml:35:13-76
158            android:directBootAware="false"
158-->[androidx.profileinstaller:profileinstaller:1.3.1] AndroidManifest.xml:36:13-44
159            android:enabled="true"
159-->[androidx.profileinstaller:profileinstaller:1.3.1] AndroidManifest.xml:37:13-35
160            android:exported="true"
160-->[androidx.profileinstaller:profileinstaller:1.3.1] AndroidManifest.xml:38:13-36
161            android:permission="android.permission.DUMP" >
161-->[androidx.profileinstaller:profileinstaller:1.3.1] AndroidManifest.xml:39:13-57
162            <intent-filter>
162-->[androidx.profileinstaller:profileinstaller:1.3.1] AndroidManifest.xml:40:13-42:29
163                <action android:name="androidx.profileinstaller.action.INSTALL_PROFILE" />
163-->[androidx.profileinstaller:profileinstaller:1.3.1] AndroidManifest.xml:41:17-91
163-->[androidx.profileinstaller:profileinstaller:1.3.1] AndroidManifest.xml:41:25-88
164            </intent-filter>
165            <intent-filter>
165-->[androidx.profileinstaller:profileinstaller:1.3.1] AndroidManifest.xml:43:13-45:29
166                <action android:name="androidx.profileinstaller.action.SKIP_FILE" />
166-->[androidx.profileinstaller:profileinstaller:1.3.1] AndroidManifest.xml:44:17-85
166-->[androidx.profileinstaller:profileinstaller:1.3.1] AndroidManifest.xml:44:25-82
167            </intent-filter>
168            <intent-filter>
168-->[androidx.profileinstaller:profileinstaller:1.3.1] AndroidManifest.xml:46:13-48:29
169                <action android:name="androidx.profileinstaller.action.SAVE_PROFILE" />
169-->[androidx.profileinstaller:profileinstaller:1.3.1] AndroidManifest.xml:47:17-88
169-->[androidx.profileinstaller:profileinstaller:1.3.1] AndroidManifest.xml:47:25-85
170            </intent-filter>
171            <intent-filter>
171-->[androidx.profileinstaller:profileinstaller:1.3.1] AndroidManifest.xml:49:13-51:29
172                <action android:name="androidx.profileinstaller.action.BENCHMARK_OPERATION" />
172-->[androidx.profileinstaller:profileinstaller:1.3.1] AndroidManifest.xml:50:17-95
172-->[androidx.profileinstaller:profileinstaller:1.3.1] AndroidManifest.xml:50:25-92
173            </intent-filter>
174        </receiver>
175    </application>
176
177</manifest>